[debug] [2024-12-28T16:39:02.833Z] ----------------------------------------------------------------------
[debug] [2024-12-28T16:39:02.835Z] Command:       C:\Program Files\nodejs\node.exe C:\Users\ankit\AppData\Roaming\npm\node_modules\firebase-tools\lib\bin\firebase.js init
[debug] [2024-12-28T16:39:02.836Z] CLI Version:   13.29.1
[debug] [2024-12-28T16:39:02.836Z] Platform:      win32
[debug] [2024-12-28T16:39:02.836Z] Node Version:  v20.14.0
[debug] [2024-12-28T16:39:02.836Z] Time:          Sat Dec 28 2024 22:09:02 GMT+0530 (India Standard Time)
[debug] [2024-12-28T16:39:02.836Z] ----------------------------------------------------------------------
[debug] 
[debug] [2024-12-28T16:39:02.905Z] > command requires scopes: ["email","openid","https://www.googleapis.com/auth/cloudplatformprojects.readonly","https://www.googleapis.com/auth/firebase","https://www.googleapis.com/auth/cloud-platform"]
[debug] [2024-12-28T16:39:02.905Z] > authorizing via signed-in user (harishnirbaan2000@gmail.com)
[info] 
     ######## #### ########  ######## ########     ###     ######  ########
     ##        ##  ##     ## ##       ##     ##  ##   ##  ##       ##
     ######    ##  ########  ######   ########  #########  ######  ######
     ##        ##  ##    ##  ##       ##     ## ##     ##       ## ##
     ##       #### ##     ## ######## ########  ##     ##  ######  ########

You're about to initialize a Firebase project in this directory:

  D:\moviecorn

Before we get started, keep in mind:

  * You are initializing within an existing Firebase project directory

